#! /c/iverilog/bin/vvp
:ivl_version "12.0 (devel)" "(s20150603-965-g55e06db6)";
:ivl_delay_selection "TYPICAL";
:vpi_time_precision + 0;
:vpi_module "C:\iverilog\lib\ivl\system.vpi";
:vpi_module "C:\iverilog\lib\ivl\vhdl_sys.vpi";
:vpi_module "C:\iverilog\lib\ivl\vhdl_textio.vpi";
:vpi_module "C:\iverilog\lib\ivl\v2005_math.vpi";
:vpi_module "C:\iverilog\lib\ivl\va_math.vpi";
S_00000000001c9f00 .scope module, "mem_tb" "mem_tb" 2 1;
 .timescale 0 0;
v0000000001054000_0 .var "addr", 7 0;
v00000000010540a0_0 .var "clk", 0 0;
v0000000001054140_0 .var "datain", 255 0;
v00000000010541e0_0 .net "dataout", 255 0, v00000000001cbef0_0;  1 drivers
v0000000001054280_0 .var "en", 0 0;
v0000000001054320_0 .var "rw", 0 0;
S_00000000001cd360 .scope module, "dut" "mem" 2 9, 3 15 0, S_00000000001c9f00;
 .timescale 0 0;
    .port_info 0 /INPUT 256 "data_i";
    .port_info 1 /INPUT 8 "address_i";
    .port_info 2 /INPUT 1 "en_i";
    .port_info 3 /INPUT 1 "rw_i";
    .port_info 4 /INPUT 1 "clk_i";
    .port_info 5 /OUTPUT 256 "data_o";
v00000000001c6bf0_0 .net "address_i", 7 0, v0000000001054000_0;  1 drivers
v00000000001c6800_0 .net "clk_i", 0 0, v00000000010540a0_0;  1 drivers
v00000000001cbe50_0 .net "data_i", 255 0, v0000000001054140_0;  1 drivers
v00000000001cbef0_0 .var "data_o", 255 0;
v00000000001ca090_0 .net "en_i", 0 0, v0000000001054280_0;  1 drivers
v00000000001ca130 .array "memory", 0 7, 255 0;
v0000000001053f60_0 .net "rw_i", 0 0, v0000000001054320_0;  1 drivers
E_000000000105a060 .event posedge, v00000000001c6800_0;
S_00000000001cd4f0 .scope begin, "read" "read" 3 31, 3 31 0, S_00000000001cd360;
 .timescale 0 0;
S_00000000001cd680 .scope begin, "write" "write" 3 34, 3 34 0, S_00000000001cd360;
 .timescale 0 0;
    .scope S_00000000001cd360;
T_0 ;
    %wait E_000000000105a060;
    %load/vec4 v00000000001ca090_0;
    %cmpi/e 1, 0, 1;
    %jmp/0xz  T_0.0, 4;
    %load/vec4 v0000000001053f60_0;
    %cmpi/e 1, 0, 1;
    %jmp/0xz  T_0.2, 4;
    %fork t_1, S_00000000001cd4f0;
    %jmp t_0;
    .scope S_00000000001cd4f0;
t_1 ;
    %ix/getv 4, v00000000001c6bf0_0;
    %load/vec4a v00000000001ca130, 4;
    %assign/vec4 v00000000001cbef0_0, 0;
    %end;
    .scope S_00000000001cd360;
t_0 %join;
    %jmp T_0.3;
T_0.2 ;
    %fork t_3, S_00000000001cd680;
    %jmp t_2;
    .scope S_00000000001cd680;
t_3 ;
    %load/vec4 v00000000001cbe50_0;
    %ix/getv 3, v00000000001c6bf0_0;
    %ix/load 4, 0, 0; Constant delay
    %assign/vec4/a/d v00000000001ca130, 0, 4;
    %end;
    .scope S_00000000001cd360;
t_2 %join;
T_0.3 ;
    %jmp T_0.1;
T_0.0 ;
    %pushi/vec4 0, 4294967295, 32;
    %concati/vec4 0, 4294967295, 32;
    %concati/vec4 0, 4294967295, 32;
    %concati/vec4 0, 4294967295, 32;
    %concati/vec4 0, 4294967295, 32;
    %concati/vec4 0, 4294967295, 32;
    %concati/vec4 0, 4294967295, 32;
    %concati/vec4 0, 4294967295, 32;
    %assign/vec4 v00000000001cbef0_0, 0;
T_0.1 ;
    %jmp T_0;
    .thread T_0;
    .scope S_00000000001c9f00;
T_1 ;
    %pushi/vec4 0, 0, 256;
    %store/vec4 v0000000001054140_0, 0, 256;
    %pushi/vec4 0, 0, 8;
    %store/vec4 v0000000001054000_0, 0, 8;
    %pushi/vec4 0, 0, 1;
    %store/vec4 v0000000001054280_0, 0, 1;
    %pushi/vec4 0, 0, 1;
    %store/vec4 v0000000001054320_0, 0, 1;
    %pushi/vec4 0, 0, 1;
    %store/vec4 v00000000010540a0_0, 0, 1;
T_1.0 ;
    %delay 5, 0;
    %load/vec4 v00000000010540a0_0;
    %inv;
    %store/vec4 v00000000010540a0_0, 0, 1;
    %jmp T_1.0;
    %end;
    .thread T_1;
    .scope S_00000000001c9f00;
T_2 ;
    %vpi_call 2 29 "$monitor", "en rw clk\012%b  %b  %b   time: %d\012Address: %d\012Datain: %d\012Dataout: %d\012\012", v0000000001054280_0, v0000000001054320_0, v00000000010540a0_0, $time, v0000000001054000_0, v0000000001054140_0, v00000000010541e0_0 {0 0 0};
    %delay 10, 0;
    %pushi/vec4 1, 0, 1;
    %store/vec4 v0000000001054280_0, 0, 1;
    %pushi/vec4 0, 0, 1;
    %store/vec4 v0000000001054320_0, 0, 1;
    %pushi/vec4 8, 0, 8;
    %store/vec4 v0000000001054000_0, 0, 8;
    %pushi/vec4 1337, 0, 256;
    %store/vec4 v0000000001054140_0, 0, 256;
    %delay 10, 0;
    %pushi/vec4 1, 0, 1;
    %store/vec4 v0000000001054320_0, 0, 1;
    %delay 20, 0;
    %vpi_call 2 38 "$finish" {0 0 0};
    %end;
    .thread T_2;
# The file index is used to find the file name in the following table.
:file_names 4;
    "N/A";
    "<interactive>";
    "mem_tb.v";
    "mem.v";
